2021-02-18 19:03:42.563 INFO  org.hibernate.validator.internal.util.Version     :21   [32m        [0;39m HV000001: Hibernate Validator 6.1.7.Final
2021-02-18 19:03:47.583 WARN  org.springframework.boot.StartupInfoLogger        :117  [32m        [0;39m InetAddress.getLocalHost().getHostName() took 5003 milliseconds to respond. Please verify your network configuration (macOS machines may need to add entries to /etc/hosts).
2021-02-18 19:03:52.588 INFO  com.barry.system.config.SystemApplication         :55   [32m        [0;39m Starting SystemApplication using Java 1.8.0_181 on tangxiaonideMacBook-Pro.local with PID 3443 (/Users/elsa/Documents/barry/system/target/classes started by elsa in /Users/elsa/Documents/barry)
2021-02-18 19:03:52.589 INFO  com.barry.system.config.SystemApplication         :660  [32m        [0;39m No active profile set, falling back to default profiles: default
2021-02-18 19:03:52.658 INFO  o.s.b.d.env.DevToolsPropertyDefaultsPostProcessor :255  [32m        [0;39m Devtools property defaults active! Set 'spring.devtools.add-properties' to 'false' to disable
2021-02-18 19:03:52.658 INFO  o.s.b.d.env.DevToolsPropertyDefaultsPostProcessor :255  [32m        [0;39m For additional web related logging consider setting the 'logging.level.web' property to 'DEBUG'
2021-02-18 19:03:54.441 INFO  o.springframework.cloud.context.scope.GenericScope:288  [32m        [0;39m BeanFactory id=fe793ca9-2304-303c-b9b0-92588453af14
2021-02-18 19:03:55.619 INFO  o.s.boot.web.embedded.tomcat.TomcatWebServer      :108  [32m        [0;39m Tomcat initialized with port(s): 9001 (http)
2021-02-18 19:03:55.635 INFO  org.apache.coyote.http11.Http11NioProtocol        :173  [32m        [0;39m Initializing ProtocolHandler ["http-nio-9001"]
2021-02-18 19:03:55.636 INFO  org.apache.catalina.core.StandardService          :173  [32m        [0;39m Starting service [Tomcat]
2021-02-18 19:03:55.640 INFO  org.apache.catalina.core.StandardEngine           :173  [32m        [0;39m Starting Servlet engine: [Apache Tomcat/9.0.41]
2021-02-18 19:03:55.813 INFO  o.a.c.c.C.[Tomcat].[localhost].[/system]          :173  [32m        [0;39m Initializing Spring embedded WebApplicationContext
2021-02-18 19:03:55.814 INFO  o.s.b.w.s.c.ServletWebServerApplicationContext    :289  [32m        [0;39m Root WebApplicationContext: initialization completed in 3154 ms
2021-02-18 19:03:56.720 INFO  o.s.scheduling.concurrent.ThreadPoolTaskExecutor  :181  [32m        [0;39m Initializing ExecutorService 'applicationTaskExecutor'
2021-02-18 19:03:57.038 WARN  o.s.b.d.autoconfigure.OptionalLiveReloadServer    :61   [32m        [0;39m Unable to start LiveReload server
2021-02-18 19:03:57.149 INFO  o.s.c.n.e.c.DiscoveryClientOptionalArgsConfiguration:68   [32m        [0;39m Eureka HTTP Client uses RestTemplate.
2021-02-18 19:03:57.403 WARN  o.s.c.l.c.LoadBalancerCacheAutoConfiguration$LoadBalancerCaffeineWarnLogger:82   [32m        [0;39m Spring Cloud LoadBalancer is currently working with the default cache. You can switch to using Caffeine cache, by adding it and org.springframework.cache.caffeine.CaffeineCacheManager to the classpath.
2021-02-18 19:03:57.483 INFO  o.s.cloud.netflix.eureka.InstanceInfoFactory      :67   [32m        [0;39m Setting initial instance status as: STARTING
2021-02-18 19:03:57.534 INFO  com.netflix.discovery.DiscoveryClient             :372  [32m        [0;39m Initializing Eureka in region us-east-1
2021-02-18 19:03:57.540 INFO  c.n.d.shared.resolver.aws.ConfigClusterResolver   :43   [32m        [0;39m Resolving eureka endpoints via configuration
2021-02-18 19:03:57.569 INFO  com.netflix.discovery.DiscoveryClient             :1007 [32m        [0;39m Disable delta property : false
2021-02-18 19:03:57.570 INFO  com.netflix.discovery.DiscoveryClient             :1008 [32m        [0;39m Single vip registry refresh property : null
2021-02-18 19:03:57.570 INFO  com.netflix.discovery.DiscoveryClient             :1009 [32m        [0;39m Force full registry fetch : false
2021-02-18 19:03:57.570 INFO  com.netflix.discovery.DiscoveryClient             :1010 [32m        [0;39m Application is null : false
2021-02-18 19:03:57.571 INFO  com.netflix.discovery.DiscoveryClient             :1011 [32m        [0;39m Registered Applications size is zero : true
2021-02-18 19:03:57.571 INFO  com.netflix.discovery.DiscoveryClient             :1013 [32m        [0;39m Application version is -1: true
2021-02-18 19:03:57.572 INFO  com.netflix.discovery.DiscoveryClient             :1097 [32m        [0;39m Getting all instance registry info from the eureka server
2021-02-18 19:03:57.852 INFO  com.netflix.discovery.DiscoveryClient             :1106 [32m        [0;39m The response status is 200
2021-02-18 19:03:57.856 INFO  com.netflix.discovery.DiscoveryClient             :1321 [32m        [0;39m Starting heartbeat executor: renew interval is: 30
2021-02-18 19:03:57.863 INFO  com.netflix.discovery.InstanceInfoReplicator      :60   [32m        [0;39m InstanceInfoReplicator onDemand update allowed rate per min is 4
2021-02-18 19:03:57.870 INFO  com.netflix.discovery.DiscoveryClient             :492  [32m        [0;39m Discovery Client initialized at timestamp 1613646237868 with initial instances count: 0
2021-02-18 19:03:57.875 INFO  o.s.c.n.e.serviceregistry.EurekaServiceRegistry   :41   [32m        [0;39m Registering application SYSTEM with eureka with status UP
2021-02-18 19:03:57.877 INFO  com.netflix.discovery.DiscoveryClient             :1352 [32m        [0;39m Saw local status change event StatusChangeEvent [timestamp=1613646237877, current=UP, previous=STARTING]
2021-02-18 19:03:57.881 INFO  com.netflix.discovery.DiscoveryClient             :873  [32m        [0;39m DiscoveryClient_SYSTEM/172.25.130.36:system:9001: registering service...
2021-02-18 19:03:57.888 INFO  org.apache.coyote.http11.Http11NioProtocol        :173  [32m        [0;39m Starting ProtocolHandler ["http-nio-9001"]
2021-02-18 19:03:57.947 INFO  o.s.boot.web.embedded.tomcat.TomcatWebServer      :220  [32m        [0;39m Tomcat started on port(s): 9001 (http) with context path '/system'
2021-02-18 19:03:57.949 INFO  o.s.c.n.e.s.EurekaAutoServiceRegistration         :144  [32m        [0;39m Updating port to 9001
2021-02-18 19:03:57.955 INFO  com.netflix.discovery.DiscoveryClient             :882  [32m        [0;39m DiscoveryClient_SYSTEM/172.25.130.36:system:9001 - registration status: 204
2021-02-18 19:03:57.973 INFO  com.barry.system.config.SystemApplication         :61   [32m        [0;39m Started SystemApplication in 25.926 seconds (JVM running for 31.968)
2021-02-18 19:03:57.978 INFO  com.barry.system.config.SystemApplication         :22   [32m        [0;39m å¯åŠ¨æˆåŠŸï¼ï¼
2021-02-18 19:03:57.978 INFO  com.barry.system.config.SystemApplication         :23   [32m        [0;39m Eurekaåœ°å€: 	http://127.0.0.1:9001
2021-02-18 19:04:27.860 INFO  com.netflix.discovery.DiscoveryClient             :1007 [32m        [0;39m Disable delta property : false
2021-02-18 19:04:27.861 INFO  com.netflix.discovery.DiscoveryClient             :1008 [32m        [0;39m Single vip registry refresh property : null
2021-02-18 19:04:27.861 INFO  com.netflix.discovery.DiscoveryClient             :1009 [32m        [0;39m Force full registry fetch : false
2021-02-18 19:04:27.861 INFO  com.netflix.discovery.DiscoveryClient             :1010 [32m        [0;39m Application is null : false
2021-02-18 19:04:27.862 INFO  com.netflix.discovery.DiscoveryClient             :1011 [32m        [0;39m Registered Applications size is zero : true
2021-02-18 19:04:27.862 INFO  com.netflix.discovery.DiscoveryClient             :1013 [32m        [0;39m Application version is -1: false
2021-02-18 19:04:27.862 INFO  com.netflix.discovery.DiscoveryClient             :1097 [32m        [0;39m Getting all instance registry info from the eureka server
2021-02-18 19:04:27.882 INFO  com.netflix.discovery.DiscoveryClient             :1106 [32m        [0;39m The response status is 200
2021-02-18 19:07:33.537 INFO  o.a.c.c.C.[Tomcat].[localhost].[/system]          :173  [32m        [0;39m Initializing Spring DispatcherServlet 'dispatcherServlet'
2021-02-18 19:07:33.538 INFO  org.springframework.web.servlet.DispatcherServlet :525  [32m        [0;39m Initializing Servlet 'dispatcherServlet'
2021-02-18 19:07:33.541 INFO  org.springframework.web.servlet.DispatcherServlet :547  [32m        [0;39m Completed initialization in 3 ms
2021-02-18 19:07:33.629 INFO  com.zaxxer.hikari.HikariDataSource                :110  [32m        [0;39m HikariPool-1 - Starting...
2021-02-18 19:07:33.881 INFO  com.zaxxer.hikari.HikariDataSource                :123  [32m        [0;39m HikariPool-1 - Start completed.
2021-02-18 19:07:33.890 DEBUG com.barry.server.mapper.UserMapper.selectByExample:137  [32m        [0;39m ==>  Preparing: select 'true' as QUERYID, id, username, password, headerPic, email, sex, create_time, update_time, is_delete, address, telephone from t_user order by id desc
2021-02-18 19:07:33.913 DEBUG com.barry.server.mapper.UserMapper.selectByExample:137  [32m        [0;39m ==> Parameters: 
2021-02-18 19:07:33.927 TRACE com.barry.server.mapper.UserMapper.selectByExample:143  [32m        [0;39m <==    Columns: QUERYID, id, username, password, headerPic, email, sex, create_time, update_time, is_delete, address, telephone
2021-02-18 19:07:33.928 TRACE com.barry.server.mapper.UserMapper.selectByExample:143  [32m        [0;39m <==        Row: true, 2, null, null, null, null, null, null, 2021-02-15 16:08:14.0, null, null, null
2021-02-18 19:07:33.930 TRACE com.barry.server.mapper.UserMapper.selectByExample:143  [32m        [0;39m <==        Row: true, 1, null, null, null, null, null, null, 2021-02-15 16:08:10.0, null, null, null
2021-02-18 19:07:33.931 DEBUG com.barry.server.mapper.UserMapper.selectByExample:137  [32m        [0;39m <==      Total: 2
2021-02-18 19:08:43.769 DEBUG com.barry.server.mapper.UserMapper.selectByExample:137  [32m        [0;39m ==>  Preparing: select 'true' as QUERYID, id, username, password, headerPic, email, sex, create_time, update_time, is_delete, address, telephone from t_user order by id desc
2021-02-18 19:08:43.771 DEBUG com.barry.server.mapper.UserMapper.selectByExample:137  [32m        [0;39m ==> Parameters: 
2021-02-18 19:08:43.772 TRACE com.barry.server.mapper.UserMapper.selectByExample:143  [32m        [0;39m <==    Columns: QUERYID, id, username, password, headerPic, email, sex, create_time, update_time, is_delete, address, telephone
2021-02-18 19:08:43.773 TRACE com.barry.server.mapper.UserMapper.selectByExample:143  [32m        [0;39m <==        Row: true, 2, null, null, null, null, null, null, 2021-02-15 16:08:14.0, null, null, null
2021-02-18 19:08:43.774 TRACE com.barry.server.mapper.UserMapper.selectByExample:143  [32m        [0;39m <==        Row: true, 1, null, null, null, null, null, null, 2021-02-15 16:08:10.0, null, null, null
2021-02-18 19:08:43.775 DEBUG com.barry.server.mapper.UserMapper.selectByExample:137  [32m        [0;39m <==      Total: 2
2021-02-18 19:08:44.296 DEBUG com.barry.server.mapper.UserMapper.selectByExample:137  [32m        [0;39m ==>  Preparing: select 'true' as QUERYID, id, username, password, headerPic, email, sex, create_time, update_time, is_delete, address, telephone from t_user order by id desc
2021-02-18 19:08:44.297 DEBUG com.barry.server.mapper.UserMapper.selectByExample:137  [32m        [0;39m ==> Parameters: 
2021-02-18 19:08:44.298 TRACE com.barry.server.mapper.UserMapper.selectByExample:143  [32m        [0;39m <==    Columns: QUERYID, id, username, password, headerPic, email, sex, create_time, update_time, is_delete, address, telephone
2021-02-18 19:08:44.300 TRACE com.barry.server.mapper.UserMapper.selectByExample:143  [32m        [0;39m <==        Row: true, 2, null, null, null, null, null, null, 2021-02-15 16:08:14.0, null, null, null
2021-02-18 19:08:44.300 TRACE com.barry.server.mapper.UserMapper.selectByExample:143  [32m        [0;39m <==        Row: true, 1, null, null, null, null, null, null, 2021-02-15 16:08:10.0, null, null, null
2021-02-18 19:08:44.301 DEBUG com.barry.server.mapper.UserMapper.selectByExample:137  [32m        [0;39m <==      Total: 2
2021-02-18 19:08:48.869 DEBUG com.barry.server.mapper.UserMapper.selectByExample:137  [32m        [0;39m ==>  Preparing: select 'true' as QUERYID, id, username, password, headerPic, email, sex, create_time, update_time, is_delete, address, telephone from t_user order by id desc
2021-02-18 19:08:48.870 DEBUG com.barry.server.mapper.UserMapper.selectByExample:137  [32m        [0;39m ==> Parameters: 
2021-02-18 19:08:48.872 TRACE com.barry.server.mapper.UserMapper.selectByExample:143  [32m        [0;39m <==    Columns: QUERYID, id, username, password, headerPic, email, sex, create_time, update_time, is_delete, address, telephone
2021-02-18 19:08:48.873 TRACE com.barry.server.mapper.UserMapper.selectByExample:143  [32m        [0;39m <==        Row: true, 2, null, null, null, null, null, null, 2021-02-15 16:08:14.0, null, null, null
2021-02-18 19:08:48.875 TRACE com.barry.server.mapper.UserMapper.selectByExample:143  [32m        [0;39m <==        Row: true, 1, null, null, null, null, null, null, 2021-02-15 16:08:10.0, null, null, null
2021-02-18 19:08:48.876 DEBUG com.barry.server.mapper.UserMapper.selectByExample:137  [32m        [0;39m <==      Total: 2
2021-02-18 19:08:51.798 DEBUG com.barry.server.mapper.UserMapper.selectByExample:137  [32m        [0;39m ==>  Preparing: select 'true' as QUERYID, id, username, password, headerPic, email, sex, create_time, update_time, is_delete, address, telephone from t_user order by id desc
2021-02-18 19:08:51.799 DEBUG com.barry.server.mapper.UserMapper.selectByExample:137  [32m        [0;39m ==> Parameters: 
2021-02-18 19:08:51.800 TRACE com.barry.server.mapper.UserMapper.selectByExample:143  [32m        [0;39m <==    Columns: QUERYID, id, username, password, headerPic, email, sex, create_time, update_time, is_delete, address, telephone
2021-02-18 19:08:51.801 TRACE com.barry.server.mapper.UserMapper.selectByExample:143  [32m        [0;39m <==        Row: true, 2, null, null, null, null, null, null, 2021-02-15 16:08:14.0, null, null, null
2021-02-18 19:08:51.802 TRACE com.barry.server.mapper.UserMapper.selectByExample:143  [32m        [0;39m <==        Row: true, 1, null, null, null, null, null, null, 2021-02-15 16:08:10.0, null, null, null
2021-02-18 19:08:51.803 DEBUG com.barry.server.mapper.UserMapper.selectByExample:137  [32m        [0;39m <==      Total: 2
2021-02-18 19:08:57.582 INFO  c.n.d.shared.resolver.aws.ConfigClusterResolver   :43   [32m        [0;39m Resolving eureka endpoints via configuration
2021-02-18 19:10:20.069 DEBUG com.barry.server.mapper.UserMapper.selectByExample:137  [32m        [0;39m ==>  Preparing: select 'true' as QUERYID, id, username, password, headerPic, email, sex, create_time, update_time, is_delete, address, telephone from t_user order by id desc
2021-02-18 19:10:20.071 DEBUG com.barry.server.mapper.UserMapper.selectByExample:137  [32m        [0;39m ==> Parameters: 
2021-02-18 19:10:20.073 TRACE com.barry.server.mapper.UserMapper.selectByExample:143  [32m        [0;39m <==    Columns: QUERYID, id, username, password, headerPic, email, sex, create_time, update_time, is_delete, address, telephone
2021-02-18 19:10:20.074 TRACE com.barry.server.mapper.UserMapper.selectByExample:143  [32m        [0;39m <==        Row: true, 2, null, null, null, null, null, null, 2021-02-15 16:08:14.0, null, null, null
2021-02-18 19:10:20.074 TRACE com.barry.server.mapper.UserMapper.selectByExample:143  [32m        [0;39m <==        Row: true, 1, null, null, null, null, null, null, 2021-02-15 16:08:10.0, null, null, null
2021-02-18 19:10:20.075 DEBUG com.barry.server.mapper.UserMapper.selectByExample:137  [32m        [0;39m <==      Total: 2
2021-02-18 19:12:19.928 INFO  o.s.c.n.e.serviceregistry.EurekaServiceRegistry   :62   [32m        [0;39m Unregistering application SYSTEM with eureka with status DOWN
2021-02-18 19:12:19.928 INFO  com.netflix.discovery.DiscoveryClient             :1352 [32m        [0;39m Saw local status change event StatusChangeEvent [timestamp=1613646739928, current=DOWN, previous=UP]
2021-02-18 19:12:19.929 INFO  com.netflix.discovery.DiscoveryClient             :873  [32m        [0;39m DiscoveryClient_SYSTEM/172.25.130.36:system:9001: registering service...
2021-02-18 19:12:19.937 INFO  com.netflix.discovery.DiscoveryClient             :882  [32m        [0;39m DiscoveryClient_SYSTEM/172.25.130.36:system:9001 - registration status: 204
2021-02-18 19:12:19.965 INFO  o.s.scheduling.concurrent.ThreadPoolTaskExecutor  :218  [32m        [0;39m Shutting down ExecutorService 'applicationTaskExecutor'
2021-02-18 19:12:19.967 INFO  com.zaxxer.hikari.HikariDataSource                :350  [32m        [0;39m HikariPool-1 - Shutdown initiated...
2021-02-18 19:12:19.975 INFO  com.zaxxer.hikari.HikariDataSource                :352  [32m        [0;39m HikariPool-1 - Shutdown completed.
2021-02-18 19:12:19.976 INFO  com.netflix.discovery.DiscoveryClient             :935  [32m        [0;39m Shutting down DiscoveryClient ...
2021-02-18 19:12:22.983 INFO  com.netflix.discovery.DiscoveryClient             :971  [32m        [0;39m Unregistering ...
2021-02-18 19:12:22.989 INFO  com.netflix.discovery.DiscoveryClient             :973  [32m        [0;39m DiscoveryClient_SYSTEM/172.25.130.36:system:9001 - deregister  status: 200
2021-02-18 19:12:22.997 INFO  com.netflix.discovery.DiscoveryClient             :960  [32m        [0;39m Completed shut down of DiscoveryClient
2021-02-18 19:12:38.328 WARN  org.springframework.boot.StartupInfoLogger        :117  [32m        [0;39m InetAddress.getLocalHost().getHostName() took 5003 milliseconds to respond. Please verify your network configuration (macOS machines may need to add entries to /etc/hosts).
2021-02-18 19:12:43.330 INFO  com.barry.system.config.SystemApplication         :55   [32m        [0;39m Starting SystemApplication using Java 1.8.0_181 on tangxiaonideMacBook-Pro.local with PID 3443 (/Users/elsa/Documents/barry/system/target/classes started by elsa in /Users/elsa/Documents/barry)
2021-02-18 19:12:43.331 INFO  com.barry.system.config.SystemApplication         :660  [32m        [0;39m No active profile set, falling back to default profiles: default
2021-02-18 19:12:43.591 INFO  o.springframework.cloud.context.scope.GenericScope:288  [32m        [0;39m BeanFactory id=fe793ca9-2304-303c-b9b0-92588453af14
2021-02-18 19:12:43.656 INFO  o.s.boot.web.embedded.tomcat.TomcatWebServer      :108  [32m        [0;39m Tomcat initialized with port(s): 9001 (http)
2021-02-18 19:12:43.657 INFO  org.apache.coyote.http11.Http11NioProtocol        :173  [32m        [0;39m Initializing ProtocolHandler ["http-nio-9001"]
2021-02-18 19:12:43.658 INFO  org.apache.catalina.core.StandardService          :173  [32m        [0;39m Starting service [Tomcat]
2021-02-18 19:12:43.658 INFO  org.apache.catalina.core.StandardEngine           :173  [32m        [0;39m Starting Servlet engine: [Apache Tomcat/9.0.41]
2021-02-18 19:12:43.667 INFO  o.a.c.c.C.[Tomcat].[localhost].[/system]          :173  [32m        [0;39m Initializing Spring embedded WebApplicationContext
2021-02-18 19:12:43.668 INFO  o.s.b.w.s.c.ServletWebServerApplicationContext    :289  [32m        [0;39m Root WebApplicationContext: initialization completed in 333 ms
2021-02-18 19:12:43.805 INFO  o.s.scheduling.concurrent.ThreadPoolTaskExecutor  :181  [32m        [0;39m Initializing ExecutorService 'applicationTaskExecutor'
2021-02-18 19:12:43.868 INFO  o.s.b.d.autoconfigure.OptionalLiveReloadServer    :58   [32m        [0;39m LiveReload server is running on port 35729
2021-02-18 19:12:43.889 INFO  o.s.c.n.e.c.DiscoveryClientOptionalArgsConfiguration:68   [32m        [0;39m Eureka HTTP Client uses RestTemplate.
2021-02-18 19:12:43.926 WARN  o.s.c.l.c.LoadBalancerCacheAutoConfiguration$LoadBalancerCaffeineWarnLogger:82   [32m        [0;39m Spring Cloud LoadBalancer is currently working with the default cache. You can switch to using Caffeine cache, by adding it and org.springframework.cache.caffeine.CaffeineCacheManager to the classpath.
2021-02-18 19:12:43.936 INFO  o.s.cloud.netflix.eureka.InstanceInfoFactory      :67   [32m        [0;39m Setting initial instance status as: STARTING
2021-02-18 19:12:43.940 INFO  com.netflix.discovery.DiscoveryClient             :372  [32m        [0;39m Initializing Eureka in region us-east-1
2021-02-18 19:12:43.941 INFO  c.n.d.shared.resolver.aws.ConfigClusterResolver   :43   [32m        [0;39m Resolving eureka endpoints via configuration
2021-02-18 19:12:43.950 INFO  com.netflix.discovery.DiscoveryClient             :1007 [32m        [0;39m Disable delta property : false
2021-02-18 19:12:43.950 INFO  com.netflix.discovery.DiscoveryClient             :1008 [32m        [0;39m Single vip registry refresh property : null
2021-02-18 19:12:43.951 INFO  com.netflix.discovery.DiscoveryClient             :1009 [32m        [0;39m Force full registry fetch : false
2021-02-18 19:12:43.951 INFO  com.netflix.discovery.DiscoveryClient             :1010 [32m        [0;39m Application is null : false
2021-02-18 19:12:43.951 INFO  com.netflix.discovery.DiscoveryClient             :1011 [32m        [0;39m Registered Applications size is zero : true
2021-02-18 19:12:43.951 INFO  com.netflix.discovery.DiscoveryClient             :1013 [32m        [0;39m Application version is -1: true
2021-02-18 19:12:43.951 INFO  com.netflix.discovery.DiscoveryClient             :1097 [32m        [0;39m Getting all instance registry info from the eureka server
2021-02-18 19:12:43.970 INFO  com.netflix.discovery.DiscoveryClient             :1106 [32m        [0;39m The response status is 200
2021-02-18 19:12:43.971 INFO  com.netflix.discovery.DiscoveryClient             :1321 [32m        [0;39m Starting heartbeat executor: renew interval is: 30
2021-02-18 19:12:43.972 INFO  com.netflix.discovery.InstanceInfoReplicator      :60   [32m        [0;39m InstanceInfoReplicator onDemand update allowed rate per min is 4
2021-02-18 19:12:43.974 INFO  com.netflix.discovery.DiscoveryClient             :492  [32m        [0;39m Discovery Client initialized at timestamp 1613646763974 with initial instances count: 1
2021-02-18 19:12:43.975 INFO  o.s.c.n.e.serviceregistry.EurekaServiceRegistry   :41   [32m        [0;39m Registering application SYSTEM with eureka with status UP
2021-02-18 19:12:43.975 INFO  com.netflix.discovery.DiscoveryClient             :1352 [32m        [0;39m Saw local status change event StatusChangeEvent [timestamp=1613646763975, current=UP, previous=STARTING]
2021-02-18 19:12:43.976 INFO  com.netflix.discovery.DiscoveryClient             :873  [32m        [0;39m DiscoveryClient_SYSTEM/172.25.130.36:system:9001: registering service...
2021-02-18 19:12:43.977 INFO  org.apache.coyote.http11.Http11NioProtocol        :173  [32m        [0;39m Starting ProtocolHandler ["http-nio-9001"]
2021-02-18 19:12:43.980 INFO  o.s.boot.web.embedded.tomcat.TomcatWebServer      :220  [32m        [0;39m Tomcat started on port(s): 9001 (http) with context path '/system'
2021-02-18 19:12:43.981 INFO  o.s.c.n.e.s.EurekaAutoServiceRegistration         :144  [32m        [0;39m Updating port to 9001
2021-02-18 19:12:43.995 INFO  com.barry.system.config.SystemApplication         :61   [32m        [0;39m Started SystemApplication in 20.728 seconds (JVM running for 557.981)
2021-02-18 19:12:43.996 INFO  com.netflix.discovery.DiscoveryClient             :882  [32m        [0;39m DiscoveryClient_SYSTEM/172.25.130.36:system:9001 - registration status: 204
2021-02-18 19:12:43.998 INFO  o.s.b.d.a.ConditionEvaluationDeltaLoggingListener :63   [32m        [0;39m Condition evaluation unchanged
2021-02-18 19:12:43.998 INFO  com.barry.system.config.SystemApplication         :22   [32m        [0;39m å¯åŠ¨æˆåŠŸï¼ï¼
2021-02-18 19:12:43.999 INFO  com.barry.system.config.SystemApplication         :23   [32m        [0;39m Eurekaåœ°å€: 	http://127.0.0.1:9001
2021-02-18 19:28:19.411 INFO  o.a.c.c.C.[Tomcat].[localhost].[/system]          :173  [32m        [0;39m Initializing Spring DispatcherServlet 'dispatcherServlet'
2021-02-18 19:28:19.412 INFO  org.springframework.web.servlet.DispatcherServlet :525  [32m        [0;39m Initializing Servlet 'dispatcherServlet'
2021-02-18 19:28:19.420 INFO  org.springframework.web.servlet.DispatcherServlet :547  [32m        [0;39m Completed initialization in 8 ms
2021-02-18 19:28:19.430 INFO  com.zaxxer.hikari.HikariDataSource                :110  [32m        [0;39m HikariPool-2 - Starting...
2021-02-18 19:28:19.439 INFO  com.zaxxer.hikari.HikariDataSource                :123  [32m        [0;39m HikariPool-2 - Start completed.
2021-02-18 19:28:19.440 DEBUG com.barry.server.mapper.UserMapper.selectByExample:137  [32m        [0;39m ==>  Preparing: select 'true' as QUERYID, id, username, password, headerPic, email, sex, create_time, update_time, is_delete, address, telephone from t_user order by id desc
2021-02-18 19:28:19.440 DEBUG com.barry.server.mapper.UserMapper.selectByExample:137  [32m        [0;39m ==> Parameters: 
2021-02-18 19:28:19.442 TRACE com.barry.server.mapper.UserMapper.selectByExample:143  [32m        [0;39m <==    Columns: QUERYID, id, username, password, headerPic, email, sex, create_time, update_time, is_delete, address, telephone
2021-02-18 19:28:19.444 TRACE com.barry.server.mapper.UserMapper.selectByExample:143  [32m        [0;39m <==        Row: true, 2, null, null, null, null, null, null, 2021-02-15 16:08:14.0, null, null, null
2021-02-18 19:28:19.446 TRACE com.barry.server.mapper.UserMapper.selectByExample:143  [32m        [0;39m <==        Row: true, 1, null, null, null, null, null, null, 2021-02-15 16:08:10.0, null, null, null
2021-02-18 19:28:19.447 DEBUG com.barry.server.mapper.UserMapper.selectByExample:137  [32m        [0;39m <==      Total: 2
2021-02-18 19:28:22.708 DEBUG com.barry.server.mapper.TestMapper.list           :137  [32m        [0;39m ==>  Preparing: select id,name from people
2021-02-18 19:28:22.709 DEBUG com.barry.server.mapper.TestMapper.list           :137  [32m        [0;39m ==> Parameters: 
2021-02-18 19:28:22.712 TRACE com.barry.server.mapper.TestMapper.list           :143  [32m        [0;39m <==    Columns: id, name
2021-02-18 19:28:22.713 TRACE com.barry.server.mapper.TestMapper.list           :143  [32m        [0;39m <==        Row: 1, dddd
2021-02-18 19:28:22.714 TRACE com.barry.server.mapper.TestMapper.list           :143  [32m        [0;39m <==        Row: 2, xxx
2021-02-18 19:28:22.715 DEBUG com.barry.server.mapper.TestMapper.list           :137  [32m        [0;39m <==      Total: 2
2021-02-18 19:28:40.904 DEBUG com.barry.server.mapper.TestMapper.list           :137  [32m        [0;39m ==>  Preparing: select id,name from people
2021-02-18 19:28:40.905 DEBUG com.barry.server.mapper.TestMapper.list           :137  [32m        [0;39m ==> Parameters: 
2021-02-18 19:28:40.907 TRACE com.barry.server.mapper.TestMapper.list           :143  [32m        [0;39m <==    Columns: id, name
2021-02-18 19:28:40.907 TRACE com.barry.server.mapper.TestMapper.list           :143  [32m        [0;39m <==        Row: 1, dddd
2021-02-18 19:28:40.909 TRACE com.barry.server.mapper.TestMapper.list           :143  [32m        [0;39m <==        Row: 2, xxx
2021-02-18 19:28:40.910 DEBUG com.barry.server.mapper.TestMapper.list           :137  [32m        [0;39m <==      Total: 2
2021-02-18 19:28:49.947 INFO  c.n.d.shared.resolver.aws.ConfigClusterResolver   :43   [32m        [0;39m Resolving eureka endpoints via configuration
2021-02-18 19:30:59.774 DEBUG com.barry.server.mapper.TestMapper.list           :137  [32m        [0;39m ==>  Preparing: select id,name from people
2021-02-18 19:30:59.779 DEBUG com.barry.server.mapper.TestMapper.list           :137  [32m        [0;39m ==> Parameters: 
2021-02-18 19:30:59.781 TRACE com.barry.server.mapper.TestMapper.list           :143  [32m        [0;39m <==    Columns: id, name
2021-02-18 19:30:59.781 TRACE com.barry.server.mapper.TestMapper.list           :143  [32m        [0;39m <==        Row: 1, dddd
2021-02-18 19:30:59.782 TRACE com.barry.server.mapper.TestMapper.list           :143  [32m        [0;39m <==        Row: 2, xxx
2021-02-18 19:30:59.782 DEBUG com.barry.server.mapper.TestMapper.list           :137  [32m        [0;39m <==      Total: 2
2021-02-18 19:31:00.217 DEBUG com.barry.server.mapper.TestMapper.list           :137  [32m        [0;39m ==>  Preparing: select id,name from people
2021-02-18 19:31:00.218 DEBUG com.barry.server.mapper.TestMapper.list           :137  [32m        [0;39m ==> Parameters: 
2021-02-18 19:31:00.219 TRACE com.barry.server.mapper.TestMapper.list           :143  [32m        [0;39m <==    Columns: id, name
2021-02-18 19:31:00.220 TRACE com.barry.server.mapper.TestMapper.list           :143  [32m        [0;39m <==        Row: 1, dddd
2021-02-18 19:31:00.221 TRACE com.barry.server.mapper.TestMapper.list           :143  [32m        [0;39m <==        Row: 2, xxx
2021-02-18 19:31:00.222 DEBUG com.barry.server.mapper.TestMapper.list           :137  [32m        [0;39m <==      Total: 2
2021-02-18 19:31:18.295 DEBUG com.barry.server.mapper.TestMapper.list           :137  [32m        [0;39m ==>  Preparing: select id,name from people
2021-02-18 19:31:18.296 DEBUG com.barry.server.mapper.TestMapper.list           :137  [32m        [0;39m ==> Parameters: 
2021-02-18 19:31:18.297 TRACE com.barry.server.mapper.TestMapper.list           :143  [32m        [0;39m <==    Columns: id, name
2021-02-18 19:31:18.298 TRACE com.barry.server.mapper.TestMapper.list           :143  [32m        [0;39m <==        Row: 1, dddd
2021-02-18 19:31:18.298 TRACE com.barry.server.mapper.TestMapper.list           :143  [32m        [0;39m <==        Row: 2, xxx
2021-02-18 19:31:18.299 DEBUG com.barry.server.mapper.TestMapper.list           :137  [32m        [0;39m <==      Total: 2
2021-02-18 19:33:49.957 INFO  c.n.d.shared.resolver.aws.ConfigClusterResolver   :43   [32m        [0;39m Resolving eureka endpoints via configuration
2021-02-18 19:36:52.538 INFO  o.s.c.n.e.serviceregistry.EurekaServiceRegistry   :62   [32m        [0;39m Unregistering application SYSTEM with eureka with status DOWN
2021-02-18 19:36:52.540 INFO  com.netflix.discovery.DiscoveryClient             :1352 [32m        [0;39m Saw local status change event StatusChangeEvent [timestamp=1613648212540, current=DOWN, previous=UP]
2021-02-18 19:36:52.540 INFO  com.netflix.discovery.DiscoveryClient             :873  [32m        [0;39m DiscoveryClient_SYSTEM/172.25.130.36:system:9001: registering service...
2021-02-18 19:36:52.550 INFO  com.netflix.discovery.DiscoveryClient             :882  [32m        [0;39m DiscoveryClient_SYSTEM/172.25.130.36:system:9001 - registration status: 204
2021-02-18 19:36:52.590 INFO  o.s.scheduling.concurrent.ThreadPoolTaskExecutor  :218  [32m        [0;39m Shutting down ExecutorService 'applicationTaskExecutor'
2021-02-18 19:36:52.593 INFO  com.zaxxer.hikari.HikariDataSource                :350  [32m        [0;39m HikariPool-2 - Shutdown initiated...
2021-02-18 19:36:52.600 INFO  com.zaxxer.hikari.HikariDataSource                :352  [32m        [0;39m HikariPool-2 - Shutdown completed.
2021-02-18 19:36:52.602 INFO  com.netflix.discovery.DiscoveryClient             :935  [32m        [0;39m Shutting down DiscoveryClient ...
2021-02-18 19:36:55.609 INFO  com.netflix.discovery.DiscoveryClient             :971  [32m        [0;39m Unregistering ...
2021-02-18 19:36:55.616 INFO  com.netflix.discovery.DiscoveryClient             :973  [32m        [0;39m DiscoveryClient_SYSTEM/172.25.130.36:system:9001 - deregister  status: 200
2021-02-18 19:36:55.627 INFO  com.netflix.discovery.DiscoveryClient             :960  [32m        [0;39m Completed shut down of DiscoveryClient
2021-02-18 19:37:11.166 WARN  org.springframework.boot.StartupInfoLogger        :117  [32m        [0;39m InetAddress.getLocalHost().getHostName() took 5003 milliseconds to respond. Please verify your network configuration (macOS machines may need to add entries to /etc/hosts).
2021-02-18 19:37:16.172 INFO  com.barry.system.config.SystemApplication         :55   [32m        [0;39m Starting SystemApplication using Java 1.8.0_181 on tangxiaonideMacBook-Pro.local with PID 3443 (/Users/elsa/Documents/barry/system/target/classes started by elsa in /Users/elsa/Documents/barry)
2021-02-18 19:37:16.173 INFO  com.barry.system.config.SystemApplication         :660  [32m        [0;39m No active profile set, falling back to default profiles: default
2021-02-18 19:37:16.576 INFO  o.springframework.cloud.context.scope.GenericScope:288  [32m        [0;39m BeanFactory id=fe793ca9-2304-303c-b9b0-92588453af14
2021-02-18 19:37:16.668 INFO  o.s.boot.web.embedded.tomcat.TomcatWebServer      :108  [32m        [0;39m Tomcat initialized with port(s): 9001 (http)
2021-02-18 19:37:16.669 INFO  org.apache.coyote.http11.Http11NioProtocol        :173  [32m        [0;39m Initializing ProtocolHandler ["http-nio-9001"]
2021-02-18 19:37:16.670 INFO  org.apache.catalina.core.StandardService          :173  [32m        [0;39m Starting service [Tomcat]
2021-02-18 19:37:16.670 INFO  org.apache.catalina.core.StandardEngine           :173  [32m        [0;39m Starting Servlet engine: [Apache Tomcat/9.0.41]
2021-02-18 19:37:16.684 INFO  o.a.c.c.C.[Tomcat].[localhost].[/system]          :173  [32m        [0;39m Initializing Spring embedded WebApplicationContext
2021-02-18 19:37:16.684 INFO  o.s.b.w.s.c.ServletWebServerApplicationContext    :289  [32m        [0;39m Root WebApplicationContext: initialization completed in 505 ms
2021-02-18 19:37:16.823 INFO  o.s.scheduling.concurrent.ThreadPoolTaskExecutor  :181  [32m        [0;39m Initializing ExecutorService 'applicationTaskExecutor'
2021-02-18 19:37:16.884 INFO  o.s.b.d.autoconfigure.OptionalLiveReloadServer    :58   [32m        [0;39m LiveReload server is running on port 35729
2021-02-18 19:37:16.913 INFO  o.s.c.n.e.c.DiscoveryClientOptionalArgsConfiguration:68   [32m        [0;39m Eureka HTTP Client uses RestTemplate.
2021-02-18 19:37:16.955 WARN  o.s.c.l.c.LoadBalancerCacheAutoConfiguration$LoadBalancerCaffeineWarnLogger:82   [32m        [0;39m Spring Cloud LoadBalancer is currently working with the default cache. You can switch to using Caffeine cache, by adding it and org.springframework.cache.caffeine.CaffeineCacheManager to the classpath.
2021-02-18 19:37:16.965 INFO  o.s.cloud.netflix.eureka.InstanceInfoFactory      :67   [32m        [0;39m Setting initial instance status as: STARTING
2021-02-18 19:37:16.968 INFO  com.netflix.discovery.DiscoveryClient             :372  [32m        [0;39m Initializing Eureka in region us-east-1
2021-02-18 19:37:16.969 INFO  c.n.d.shared.resolver.aws.ConfigClusterResolver   :43   [32m        [0;39m Resolving eureka endpoints via configuration
2021-02-18 19:37:16.971 INFO  com.netflix.discovery.DiscoveryClient             :1007 [32m        [0;39m Disable delta property : false
2021-02-18 19:37:16.971 INFO  com.netflix.discovery.DiscoveryClient             :1008 [32m        [0;39m Single vip registry refresh property : null
2021-02-18 19:37:16.971 INFO  com.netflix.discovery.DiscoveryClient             :1009 [32m        [0;39m Force full registry fetch : false
2021-02-18 19:37:16.971 INFO  com.netflix.discovery.DiscoveryClient             :1010 [32m        [0;39m Application is null : false
2021-02-18 19:37:16.971 INFO  com.netflix.discovery.DiscoveryClient             :1011 [32m        [0;39m Registered Applications size is zero : true
2021-02-18 19:37:16.972 INFO  com.netflix.discovery.DiscoveryClient             :1013 [32m        [0;39m Application version is -1: true
2021-02-18 19:37:16.972 INFO  com.netflix.discovery.DiscoveryClient             :1097 [32m        [0;39m Getting all instance registry info from the eureka server
2021-02-18 19:37:16.993 INFO  com.netflix.discovery.DiscoveryClient             :1106 [32m        [0;39m The response status is 200
2021-02-18 19:37:16.994 INFO  com.netflix.discovery.DiscoveryClient             :1321 [32m        [0;39m Starting heartbeat executor: renew interval is: 30
2021-02-18 19:37:16.995 INFO  com.netflix.discovery.InstanceInfoReplicator      :60   [32m        [0;39m InstanceInfoReplicator onDemand update allowed rate per min is 4
2021-02-18 19:37:16.996 INFO  com.netflix.discovery.DiscoveryClient             :492  [32m        [0;39m Discovery Client initialized at timestamp 1613648236996 with initial instances count: 1
2021-02-18 19:37:16.997 INFO  o.s.c.n.e.serviceregistry.EurekaServiceRegistry   :41   [32m        [0;39m Registering application SYSTEM with eureka with status UP
2021-02-18 19:37:16.997 INFO  com.netflix.discovery.DiscoveryClient             :1352 [32m        [0;39m Saw local status change event StatusChangeEvent [timestamp=1613648236997, current=UP, previous=STARTING]
2021-02-18 19:37:16.998 INFO  com.netflix.discovery.DiscoveryClient             :873  [32m        [0;39m DiscoveryClient_SYSTEM/172.25.130.36:system:9001: registering service...
2021-02-18 19:37:16.999 INFO  org.apache.coyote.http11.Http11NioProtocol        :173  [32m        [0;39m Starting ProtocolHandler ["http-nio-9001"]
2021-02-18 19:37:17.002 INFO  o.s.boot.web.embedded.tomcat.TomcatWebServer      :220  [32m        [0;39m Tomcat started on port(s): 9001 (http) with context path '/system'
2021-02-18 19:37:17.002 INFO  o.s.c.n.e.s.EurekaAutoServiceRegistration         :144  [32m        [0;39m Updating port to 9001
2021-02-18 19:37:17.012 INFO  com.barry.system.config.SystemApplication         :61   [32m        [0;39m Started SystemApplication in 20.924 seconds (JVM running for 1364.997)
2021-02-18 19:37:17.014 INFO  com.netflix.discovery.DiscoveryClient             :882  [32m        [0;39m DiscoveryClient_SYSTEM/172.25.130.36:system:9001 - registration status: 204
2021-02-18 19:37:17.014 INFO  o.s.b.d.a.ConditionEvaluationDeltaLoggingListener :63   [32m        [0;39m Condition evaluation unchanged
2021-02-18 19:37:17.015 INFO  com.barry.system.config.SystemApplication         :22   [32m        [0;39m å¯åŠ¨æˆåŠŸï¼ï¼
2021-02-18 19:37:17.015 INFO  com.barry.system.config.SystemApplication         :23   [32m        [0;39m Eurekaåœ°å€: 	http://127.0.0.1:9001
2021-02-18 19:40:54.434 INFO  o.s.c.n.e.serviceregistry.EurekaServiceRegistry   :62   [32m        [0;39m Unregistering application SYSTEM with eureka with status DOWN
2021-02-18 19:40:54.437 INFO  com.netflix.discovery.DiscoveryClient             :1352 [32m        [0;39m Saw local status change event StatusChangeEvent [timestamp=1613648454437, current=DOWN, previous=UP]
2021-02-18 19:40:54.438 INFO  com.netflix.discovery.DiscoveryClient             :873  [32m        [0;39m DiscoveryClient_SYSTEM/172.25.130.36:system:9001: registering service...
2021-02-18 19:40:54.446 INFO  com.netflix.discovery.DiscoveryClient             :882  [32m        [0;39m DiscoveryClient_SYSTEM/172.25.130.36:system:9001 - registration status: 204
2021-02-18 19:40:54.460 INFO  o.s.scheduling.concurrent.ThreadPoolTaskExecutor  :218  [32m        [0;39m Shutting down ExecutorService 'applicationTaskExecutor'
2021-02-18 19:40:54.471 INFO  com.netflix.discovery.DiscoveryClient             :935  [32m        [0;39m Shutting down DiscoveryClient ...
2021-02-18 19:40:57.476 INFO  com.netflix.discovery.DiscoveryClient             :971  [32m        [0;39m Unregistering ...
2021-02-18 19:40:57.490 INFO  com.netflix.discovery.DiscoveryClient             :973  [32m        [0;39m DiscoveryClient_SYSTEM/172.25.130.36:system:9001 - deregister  status: 200
2021-02-18 19:40:57.496 INFO  com.netflix.discovery.DiscoveryClient             :960  [32m        [0;39m Completed shut down of DiscoveryClient
2021-02-18 19:41:12.741 WARN  org.springframework.boot.StartupInfoLogger        :117  [32m        [0;39m InetAddress.getLocalHost().getHostName() took 5004 milliseconds to respond. Please verify your network configuration (macOS machines may need to add entries to /etc/hosts).
2021-02-18 19:41:17.744 INFO  com.barry.system.config.SystemApplication         :55   [32m        [0;39m Starting SystemApplication using Java 1.8.0_181 on tangxiaonideMacBook-Pro.local with PID 3443 (/Users/elsa/Documents/barry/system/target/classes started by elsa in /Users/elsa/Documents/barry)
2021-02-18 19:41:17.744 INFO  com.barry.system.config.SystemApplication         :660  [32m        [0;39m No active profile set, falling back to default profiles: default
2021-02-18 19:41:18.013 INFO  o.springframework.cloud.context.scope.GenericScope:288  [32m        [0;39m BeanFactory id=c1810586-6ebc-312b-a764-4acfd1968a69
2021-02-18 19:41:18.071 INFO  o.s.boot.web.embedded.tomcat.TomcatWebServer      :108  [32m        [0;39m Tomcat initialized with port(s): 9001 (http)
2021-02-18 19:41:18.071 INFO  org.apache.coyote.http11.Http11NioProtocol        :173  [32m        [0;39m Initializing ProtocolHandler ["http-nio-9001"]
2021-02-18 19:41:18.071 INFO  org.apache.catalina.core.StandardService          :173  [32m        [0;39m Starting service [Tomcat]
2021-02-18 19:41:18.072 INFO  org.apache.catalina.core.StandardEngine           :173  [32m        [0;39m Starting Servlet engine: [Apache Tomcat/9.0.41]
2021-02-18 19:41:18.080 INFO  o.a.c.c.C.[Tomcat].[localhost].[/system]          :173  [32m        [0;39m Initializing Spring embedded WebApplicationContext
2021-02-18 19:41:18.080 INFO  o.s.b.w.s.c.ServletWebServerApplicationContext    :289  [32m        [0;39m Root WebApplicationContext: initialization completed in 331 ms
2021-02-18 19:41:18.193 INFO  o.s.scheduling.concurrent.ThreadPoolTaskExecutor  :181  [32m        [0;39m Initializing ExecutorService 'applicationTaskExecutor'
2021-02-18 19:41:18.260 INFO  o.s.b.d.autoconfigure.OptionalLiveReloadServer    :58   [32m        [0;39m LiveReload server is running on port 35729
2021-02-18 19:41:18.288 INFO  o.s.c.n.e.c.DiscoveryClientOptionalArgsConfiguration:68   [32m        [0;39m Eureka HTTP Client uses RestTemplate.
2021-02-18 19:41:18.331 WARN  o.s.c.l.c.LoadBalancerCacheAutoConfiguration$LoadBalancerCaffeineWarnLogger:82   [32m        [0;39m Spring Cloud LoadBalancer is currently working with the default cache. You can switch to using Caffeine cache, by adding it and org.springframework.cache.caffeine.CaffeineCacheManager to the classpath.
2021-02-18 19:41:18.345 INFO  o.s.cloud.netflix.eureka.InstanceInfoFactory      :67   [32m        [0;39m Setting initial instance status as: STARTING
2021-02-18 19:41:18.348 INFO  com.netflix.discovery.DiscoveryClient             :372  [32m        [0;39m Initializing Eureka in region us-east-1
2021-02-18 19:41:18.348 INFO  c.n.d.shared.resolver.aws.ConfigClusterResolver   :43   [32m        [0;39m Resolving eureka endpoints via configuration
2021-02-18 19:41:18.350 INFO  com.netflix.discovery.DiscoveryClient             :1007 [32m        [0;39m Disable delta property : false
2021-02-18 19:41:18.350 INFO  com.netflix.discovery.DiscoveryClient             :1008 [32m        [0;39m Single vip registry refresh property : null
2021-02-18 19:41:18.350 INFO  com.netflix.discovery.DiscoveryClient             :1009 [32m        [0;39m Force full registry fetch : false
2021-02-18 19:41:18.350 INFO  com.netflix.discovery.DiscoveryClient             :1010 [32m        [0;39m Application is null : false
2021-02-18 19:41:18.351 INFO  com.netflix.discovery.DiscoveryClient             :1011 [32m        [0;39m Registered Applications size is zero : true
2021-02-18 19:41:18.351 INFO  com.netflix.discovery.DiscoveryClient             :1013 [32m        [0;39m Application version is -1: true
2021-02-18 19:41:18.351 INFO  com.netflix.discovery.DiscoveryClient             :1097 [32m        [0;39m Getting all instance registry info from the eureka server
2021-02-18 19:41:18.375 INFO  com.netflix.discovery.DiscoveryClient             :1106 [32m        [0;39m The response status is 200
2021-02-18 19:41:18.376 INFO  com.netflix.discovery.DiscoveryClient             :1321 [32m        [0;39m Starting heartbeat executor: renew interval is: 30
2021-02-18 19:41:18.378 INFO  com.netflix.discovery.InstanceInfoReplicator      :60   [32m        [0;39m InstanceInfoReplicator onDemand update allowed rate per min is 4
2021-02-18 19:41:18.379 INFO  com.netflix.discovery.DiscoveryClient             :492  [32m        [0;39m Discovery Client initialized at timestamp 1613648478379 with initial instances count: 1
2021-02-18 19:41:18.381 INFO  o.s.c.n.e.serviceregistry.EurekaServiceRegistry   :41   [32m        [0;39m Registering application SYSTEM with eureka with status UP
2021-02-18 19:41:18.381 INFO  com.netflix.discovery.DiscoveryClient             :1352 [32m        [0;39m Saw local status change event StatusChangeEvent [timestamp=1613648478381, current=UP, previous=STARTING]
2021-02-18 19:41:18.382 INFO  com.netflix.discovery.DiscoveryClient             :873  [32m        [0;39m DiscoveryClient_SYSTEM/172.25.130.36:system:9001: registering service...
2021-02-18 19:41:18.384 INFO  org.apache.coyote.http11.Http11NioProtocol        :173  [32m        [0;39m Starting ProtocolHandler ["http-nio-9001"]
2021-02-18 19:41:18.393 INFO  o.s.boot.web.embedded.tomcat.TomcatWebServer      :220  [32m        [0;39m Tomcat started on port(s): 9001 (http) with context path '/system'
2021-02-18 19:41:18.394 INFO  o.s.c.n.e.s.EurekaAutoServiceRegistration         :144  [32m        [0;39m Updating port to 9001
2021-02-18 19:41:18.396 INFO  com.netflix.discovery.DiscoveryClient             :882  [32m        [0;39m DiscoveryClient_SYSTEM/172.25.130.36:system:9001 - registration status: 204
2021-02-18 19:41:18.404 INFO  com.barry.system.config.SystemApplication         :61   [32m        [0;39m Started SystemApplication in 20.72 seconds (JVM running for 1606.385)
2021-02-18 19:41:18.406 INFO  o.s.b.d.a.ConditionEvaluationDeltaLoggingListener :63   [32m        [0;39m Condition evaluation unchanged
2021-02-18 19:41:18.407 INFO  com.barry.system.config.SystemApplication         :22   [32m        [0;39m å¯åŠ¨æˆåŠŸï¼ï¼
2021-02-18 19:41:18.408 INFO  com.barry.system.config.SystemApplication         :23   [32m        [0;39m Eurekaåœ°å€: 	http://127.0.0.1:9001
2021-02-18 19:46:18.362 INFO  c.n.d.shared.resolver.aws.ConfigClusterResolver   :43   [32m        [0;39m Resolving eureka endpoints via configuration
2021-02-18 19:47:31.217 INFO  o.s.c.n.e.serviceregistry.EurekaServiceRegistry   :62   [32m        [0;39m Unregistering application SYSTEM with eureka with status DOWN
2021-02-18 19:47:31.219 INFO  com.netflix.discovery.DiscoveryClient             :1352 [32m        [0;39m Saw local status change event StatusChangeEvent [timestamp=1613648851219, current=DOWN, previous=UP]
2021-02-18 19:47:31.220 INFO  com.netflix.discovery.DiscoveryClient             :873  [32m        [0;39m DiscoveryClient_SYSTEM/172.25.130.36:system:9001: registering service...
2021-02-18 19:47:31.228 INFO  com.netflix.discovery.DiscoveryClient             :882  [32m        [0;39m DiscoveryClient_SYSTEM/172.25.130.36:system:9001 - registration status: 204
2021-02-18 19:47:31.264 INFO  o.s.scheduling.concurrent.ThreadPoolTaskExecutor  :218  [32m        [0;39m Shutting down ExecutorService 'applicationTaskExecutor'
2021-02-18 19:47:31.266 INFO  com.netflix.discovery.DiscoveryClient             :935  [32m        [0;39m Shutting down DiscoveryClient ...
2021-02-18 19:47:34.271 INFO  com.netflix.discovery.DiscoveryClient             :971  [32m        [0;39m Unregistering ...
2021-02-18 19:47:34.274 INFO  com.netflix.discovery.DiscoveryClient             :973  [32m        [0;39m DiscoveryClient_SYSTEM/172.25.130.36:system:9001 - deregister  status: 200
2021-02-18 19:47:34.283 INFO  com.netflix.discovery.DiscoveryClient             :960  [32m        [0;39m Completed shut down of DiscoveryClient
2021-02-18 19:47:49.670 WARN  org.springframework.boot.StartupInfoLogger        :117  [32m        [0;39m InetAddress.getLocalHost().getHostName() took 5006 milliseconds to respond. Please verify your network configuration (macOS machines may need to add entries to /etc/hosts).
2021-02-18 19:47:54.674 INFO  com.barry.system.config.SystemApplication         :55   [32m        [0;39m Starting SystemApplication using Java 1.8.0_181 on tangxiaonideMacBook-Pro.local with PID 3443 (/Users/elsa/Documents/barry/system/target/classes started by elsa in /Users/elsa/Documents/barry)
2021-02-18 19:47:54.675 INFO  com.barry.system.config.SystemApplication         :660  [32m        [0;39m No active profile set, falling back to default profiles: default
2021-02-18 19:47:54.998 INFO  o.springframework.cloud.context.scope.GenericScope:288  [32m        [0;39m BeanFactory id=fe793ca9-2304-303c-b9b0-92588453af14
2021-02-18 19:47:55.108 INFO  o.s.boot.web.embedded.tomcat.TomcatWebServer      :108  [32m        [0;39m Tomcat initialized with port(s): 9001 (http)
2021-02-18 19:47:55.109 INFO  org.apache.coyote.http11.Http11NioProtocol        :173  [32m        [0;39m Initializing ProtocolHandler ["http-nio-9001"]
2021-02-18 19:47:55.109 INFO  org.apache.catalina.core.StandardService          :173  [32m        [0;39m Starting service [Tomcat]
2021-02-18 19:47:55.110 INFO  org.apache.catalina.core.StandardEngine           :173  [32m        [0;39m Starting Servlet engine: [Apache Tomcat/9.0.41]
2021-02-18 19:47:55.120 INFO  o.a.c.c.C.[Tomcat].[localhost].[/system]          :173  [32m        [0;39m Initializing Spring embedded WebApplicationContext
2021-02-18 19:47:55.120 INFO  o.s.b.w.s.c.ServletWebServerApplicationContext    :289  [32m        [0;39m Root WebApplicationContext: initialization completed in 440 ms
2021-02-18 19:47:55.260 INFO  o.s.scheduling.concurrent.ThreadPoolTaskExecutor  :181  [32m        [0;39m Initializing ExecutorService 'applicationTaskExecutor'
2021-02-18 19:47:55.322 INFO  o.s.b.d.autoconfigure.OptionalLiveReloadServer    :58   [32m        [0;39m LiveReload server is running on port 35729
2021-02-18 19:47:55.351 INFO  o.s.c.n.e.c.DiscoveryClientOptionalArgsConfiguration:68   [32m        [0;39m Eureka HTTP Client uses RestTemplate.
2021-02-18 19:47:55.401 WARN  o.s.c.l.c.LoadBalancerCacheAutoConfiguration$LoadBalancerCaffeineWarnLogger:82   [32m        [0;39m Spring Cloud LoadBalancer is currently working with the default cache. You can switch to using Caffeine cache, by adding it and org.springframework.cache.caffeine.CaffeineCacheManager to the classpath.
2021-02-18 19:47:55.410 INFO  o.s.cloud.netflix.eureka.InstanceInfoFactory      :67   [32m        [0;39m Setting initial instance status as: STARTING
2021-02-18 19:47:55.413 INFO  com.netflix.discovery.DiscoveryClient             :372  [32m        [0;39m Initializing Eureka in region us-east-1
2021-02-18 19:47:55.414 INFO  c.n.d.shared.resolver.aws.ConfigClusterResolver   :43   [32m        [0;39m Resolving eureka endpoints via configuration
2021-02-18 19:47:55.415 INFO  com.netflix.discovery.DiscoveryClient             :1007 [32m        [0;39m Disable delta property : false
2021-02-18 19:47:55.415 INFO  com.netflix.discovery.DiscoveryClient             :1008 [32m        [0;39m Single vip registry refresh property : null
2021-02-18 19:47:55.415 INFO  com.netflix.discovery.DiscoveryClient             :1009 [32m        [0;39m Force full registry fetch : false
2021-02-18 19:47:55.416 INFO  com.netflix.discovery.DiscoveryClient             :1010 [32m        [0;39m Application is null : false
2021-02-18 19:47:55.416 INFO  com.netflix.discovery.DiscoveryClient             :1011 [32m        [0;39m Registered Applications size is zero : true
2021-02-18 19:47:55.416 INFO  com.netflix.discovery.DiscoveryClient             :1013 [32m        [0;39m Application version is -1: true
2021-02-18 19:47:55.416 INFO  com.netflix.discovery.DiscoveryClient             :1097 [32m        [0;39m Getting all instance registry info from the eureka server
2021-02-18 19:47:55.431 INFO  com.netflix.discovery.DiscoveryClient             :1106 [32m        [0;39m The response status is 200
2021-02-18 19:47:55.432 INFO  com.netflix.discovery.DiscoveryClient             :1321 [32m        [0;39m Starting heartbeat executor: renew interval is: 30
2021-02-18 19:47:55.433 INFO  com.netflix.discovery.InstanceInfoReplicator      :60   [32m        [0;39m InstanceInfoReplicator onDemand update allowed rate per min is 4
2021-02-18 19:47:55.434 INFO  com.netflix.discovery.DiscoveryClient             :492  [32m        [0;39m Discovery Client initialized at timestamp 1613648875434 with initial instances count: 1
2021-02-18 19:47:55.436 INFO  o.s.c.n.e.serviceregistry.EurekaServiceRegistry   :41   [32m        [0;39m Registering application SYSTEM with eureka with status UP
2021-02-18 19:47:55.436 INFO  com.netflix.discovery.DiscoveryClient             :1352 [32m        [0;39m Saw local status change event StatusChangeEvent [timestamp=1613648875436, current=UP, previous=STARTING]
2021-02-18 19:47:55.436 INFO  com.netflix.discovery.DiscoveryClient             :873  [32m        [0;39m DiscoveryClient_SYSTEM/172.25.130.36:system:9001: registering service...
2021-02-18 19:47:55.438 INFO  org.apache.coyote.http11.Http11NioProtocol        :173  [32m        [0;39m Starting ProtocolHandler ["http-nio-9001"]
2021-02-18 19:47:55.441 INFO  o.s.boot.web.embedded.tomcat.TomcatWebServer      :220  [32m        [0;39m Tomcat started on port(s): 9001 (http) with context path '/system'
2021-02-18 19:47:55.442 INFO  o.s.c.n.e.s.EurekaAutoServiceRegistration         :144  [32m        [0;39m Updating port to 9001
2021-02-18 19:47:55.449 INFO  com.netflix.discovery.DiscoveryClient             :882  [32m        [0;39m DiscoveryClient_SYSTEM/172.25.130.36:system:9001 - registration status: 204
2021-02-18 19:47:55.451 INFO  com.barry.system.config.SystemApplication         :61   [32m        [0;39m Started SystemApplication in 20.856 seconds (JVM running for 2003.425)
2021-02-18 19:47:55.453 INFO  o.s.b.d.a.ConditionEvaluationDeltaLoggingListener :63   [32m        [0;39m Condition evaluation unchanged
2021-02-18 19:47:55.453 INFO  com.barry.system.config.SystemApplication         :22   [32m        [0;39m å¯åŠ¨æˆåŠŸï¼ï¼
2021-02-18 19:47:55.453 INFO  com.barry.system.config.SystemApplication         :23   [32m        [0;39m Eurekaåœ°å€: 	http://127.0.0.1:9001
2021-02-18 19:49:31.752 INFO  o.s.c.n.e.serviceregistry.EurekaServiceRegistry   :62   [32m        [0;39m Unregistering application SYSTEM with eureka with status DOWN
2021-02-18 19:49:31.754 INFO  com.netflix.discovery.DiscoveryClient             :1352 [32m        [0;39m Saw local status change event StatusChangeEvent [timestamp=1613648971754, current=DOWN, previous=UP]
2021-02-18 19:49:31.755 INFO  com.netflix.discovery.DiscoveryClient             :873  [32m        [0;39m DiscoveryClient_SYSTEM/172.25.130.36:system:9001: registering service...
2021-02-18 19:49:31.761 INFO  com.netflix.discovery.DiscoveryClient             :882  [32m        [0;39m DiscoveryClient_SYSTEM/172.25.130.36:system:9001 - registration status: 204
2021-02-18 19:49:31.782 INFO  o.s.scheduling.concurrent.ThreadPoolTaskExecutor  :218  [32m        [0;39m Shutting down ExecutorService 'applicationTaskExecutor'
2021-02-18 19:49:31.783 INFO  com.netflix.discovery.DiscoveryClient             :935  [32m        [0;39m Shutting down DiscoveryClient ...
2021-02-18 19:49:34.789 INFO  com.netflix.discovery.DiscoveryClient             :971  [32m        [0;39m Unregistering ...
2021-02-18 19:49:34.793 INFO  com.netflix.discovery.DiscoveryClient             :973  [32m        [0;39m DiscoveryClient_SYSTEM/172.25.130.36:system:9001 - deregister  status: 200
2021-02-18 19:49:34.808 INFO  com.netflix.discovery.DiscoveryClient             :960  [32m        [0;39m Completed shut down of DiscoveryClient
2021-02-18 19:49:50.326 WARN  org.springframework.boot.StartupInfoLogger        :117  [32m        [0;39m InetAddress.getLocalHost().getHostName() took 5004 milliseconds to respond. Please verify your network configuration (macOS machines may need to add entries to /etc/hosts).
2021-02-18 19:49:55.329 INFO  com.barry.system.config.SystemApplication         :55   [32m        [0;39m Starting SystemApplication using Java 1.8.0_181 on tangxiaonideMacBook-Pro.local with PID 3443 (/Users/elsa/Documents/barry/system/target/classes started by elsa in /Users/elsa/Documents/barry)
2021-02-18 19:49:55.330 INFO  com.barry.system.config.SystemApplication         :660  [32m        [0;39m No active profile set, falling back to default profiles: default
2021-02-18 19:49:55.596 INFO  o.springframework.cloud.context.scope.GenericScope:288  [32m        [0;39m BeanFactory id=fe793ca9-2304-303c-b9b0-92588453af14
2021-02-18 19:49:55.666 INFO  o.s.boot.web.embedded.tomcat.TomcatWebServer      :108  [32m        [0;39m Tomcat initialized with port(s): 9001 (http)
2021-02-18 19:49:55.667 INFO  org.apache.coyote.http11.Http11NioProtocol        :173  [32m        [0;39m Initializing ProtocolHandler ["http-nio-9001"]
2021-02-18 19:49:55.667 INFO  org.apache.catalina.core.StandardService          :173  [32m        [0;39m Starting service [Tomcat]
2021-02-18 19:49:55.668 INFO  org.apache.catalina.core.StandardEngine           :173  [32m        [0;39m Starting Servlet engine: [Apache Tomcat/9.0.41]
2021-02-18 19:49:55.683 INFO  o.a.c.c.C.[Tomcat].[localhost].[/system]          :173  [32m        [0;39m Initializing Spring embedded WebApplicationContext
2021-02-18 19:49:55.684 INFO  o.s.b.w.s.c.ServletWebServerApplicationContext    :289  [32m        [0;39m Root WebApplicationContext: initialization completed in 351 ms
2021-02-18 19:49:55.812 INFO  o.s.scheduling.concurrent.ThreadPoolTaskExecutor  :181  [32m        [0;39m Initializing ExecutorService 'applicationTaskExecutor'
2021-02-18 19:49:55.886 INFO  o.s.b.d.autoconfigure.OptionalLiveReloadServer    :58   [32m        [0;39m LiveReload server is running on port 35729
2021-02-18 19:49:55.910 INFO  o.s.c.n.e.c.DiscoveryClientOptionalArgsConfiguration:68   [32m        [0;39m Eureka HTTP Client uses RestTemplate.
2021-02-18 19:49:55.947 WARN  o.s.c.l.c.LoadBalancerCacheAutoConfiguration$LoadBalancerCaffeineWarnLogger:82   [32m        [0;39m Spring Cloud LoadBalancer is currently working with the default cache. You can switch to using Caffeine cache, by adding it and org.springframework.cache.caffeine.CaffeineCacheManager to the classpath.
2021-02-18 19:49:55.956 INFO  o.s.cloud.netflix.eureka.InstanceInfoFactory      :67   [32m        [0;39m Setting initial instance status as: STARTING
2021-02-18 19:49:55.958 INFO  com.netflix.discovery.DiscoveryClient             :372  [32m        [0;39m Initializing Eureka in region us-east-1
2021-02-18 19:49:55.958 INFO  c.n.d.shared.resolver.aws.ConfigClusterResolver   :43   [32m        [0;39m Resolving eureka endpoints via configuration
2021-02-18 19:49:55.960 INFO  com.netflix.discovery.DiscoveryClient             :1007 [32m        [0;39m Disable delta property : false
2021-02-18 19:49:55.960 INFO  com.netflix.discovery.DiscoveryClient             :1008 [32m        [0;39m Single vip registry refresh property : null
2021-02-18 19:49:55.960 INFO  com.netflix.discovery.DiscoveryClient             :1009 [32m        [0;39m Force full registry fetch : false
2021-02-18 19:49:55.960 INFO  com.netflix.discovery.DiscoveryClient             :1010 [32m        [0;39m Application is null : false
2021-02-18 19:49:55.960 INFO  com.netflix.discovery.DiscoveryClient             :1011 [32m        [0;39m Registered Applications size is zero : true
2021-02-18 19:49:55.961 INFO  com.netflix.discovery.DiscoveryClient             :1013 [32m        [0;39m Application version is -1: true
2021-02-18 19:49:55.961 INFO  com.netflix.discovery.DiscoveryClient             :1097 [32m        [0;39m Getting all instance registry info from the eureka server
2021-02-18 19:49:55.978 INFO  com.netflix.discovery.DiscoveryClient             :1106 [32m        [0;39m The response status is 200
2021-02-18 19:49:55.979 INFO  com.netflix.discovery.DiscoveryClient             :1321 [32m        [0;39m Starting heartbeat executor: renew interval is: 30
2021-02-18 19:49:55.982 INFO  com.netflix.discovery.InstanceInfoReplicator      :60   [32m        [0;39m InstanceInfoReplicator onDemand update allowed rate per min is 4
2021-02-18 19:49:55.986 INFO  com.netflix.discovery.DiscoveryClient             :492  [32m        [0;39m Discovery Client initialized at timestamp 1613648995986 with initial instances count: 2
2021-02-18 19:49:55.991 INFO  o.s.c.n.e.serviceregistry.EurekaServiceRegistry   :41   [32m        [0;39m Registering application SYSTEM with eureka with status UP
2021-02-18 19:49:55.991 INFO  com.netflix.discovery.DiscoveryClient             :1352 [32m        [0;39m Saw local status change event StatusChangeEvent [timestamp=1613648995991, current=UP, previous=STARTING]
2021-02-18 19:49:55.992 INFO  com.netflix.discovery.DiscoveryClient             :873  [32m        [0;39m DiscoveryClient_SYSTEM/172.25.130.36:system:9001: registering service...
2021-02-18 19:49:55.993 INFO  org.apache.coyote.http11.Http11NioProtocol        :173  [32m        [0;39m Starting ProtocolHandler ["http-nio-9001"]
2021-02-18 19:49:55.996 INFO  o.s.boot.web.embedded.tomcat.TomcatWebServer      :220  [32m        [0;39m Tomcat started on port(s): 9001 (http) with context path '/system'
2021-02-18 19:49:55.996 INFO  o.s.c.n.e.s.EurekaAutoServiceRegistration         :144  [32m        [0;39m Updating port to 9001
2021-02-18 19:49:56.009 INFO  com.barry.system.config.SystemApplication         :61   [32m        [0;39m Started SystemApplication in 20.753 seconds (JVM running for 2123.981)
2021-02-18 19:49:56.011 INFO  com.netflix.discovery.DiscoveryClient             :882  [32m        [0;39m DiscoveryClient_SYSTEM/172.25.130.36:system:9001 - registration status: 204
2021-02-18 19:49:56.012 INFO  o.s.b.d.a.ConditionEvaluationDeltaLoggingListener :63   [32m        [0;39m Condition evaluation unchanged
2021-02-18 19:49:56.012 INFO  com.barry.system.config.SystemApplication         :22   [32m        [0;39m å¯åŠ¨æˆåŠŸï¼ï¼
2021-02-18 19:49:56.013 INFO  com.barry.system.config.SystemApplication         :23   [32m        [0;39m Eurekaåœ°å€: 	http://127.0.0.1:9001
2021-02-18 19:49:57.314 INFO  o.s.c.n.e.serviceregistry.EurekaServiceRegistry   :62   [32m        [0;39m Unregistering application SYSTEM with eureka with status DOWN
2021-02-18 19:49:57.314 INFO  com.netflix.discovery.DiscoveryClient             :1352 [32m        [0;39m Saw local status change event StatusChangeEvent [timestamp=1613648997314, current=DOWN, previous=UP]
2021-02-18 19:49:57.315 INFO  com.netflix.discovery.DiscoveryClient             :873  [32m        [0;39m DiscoveryClient_SYSTEM/172.25.130.36:system:9001: registering service...
2021-02-18 19:49:57.319 INFO  com.netflix.discovery.DiscoveryClient             :882  [32m        [0;39m DiscoveryClient_SYSTEM/172.25.130.36:system:9001 - registration status: 204
2021-02-18 19:49:57.328 INFO  o.s.scheduling.concurrent.ThreadPoolTaskExecutor  :218  [32m        [0;39m Shutting down ExecutorService 'applicationTaskExecutor'
2021-02-18 19:49:57.329 INFO  com.netflix.discovery.DiscoveryClient             :935  [32m        [0;39m Shutting down DiscoveryClient ...
2021-02-18 19:50:00.334 INFO  com.netflix.discovery.DiscoveryClient             :971  [32m        [0;39m Unregistering ...
2021-02-18 19:50:00.338 INFO  com.netflix.discovery.DiscoveryClient             :973  [32m        [0;39m DiscoveryClient_SYSTEM/172.25.130.36:system:9001 - deregister  status: 200
2021-02-18 19:50:00.341 INFO  com.netflix.discovery.DiscoveryClient             :960  [32m        [0;39m Completed shut down of DiscoveryClient
2021-02-18 19:50:15.628 WARN  org.springframework.boot.StartupInfoLogger        :117  [32m        [0;39m InetAddress.getLocalHost().getHostName() took 5006 milliseconds to respond. Please verify your network configuration (macOS machines may need to add entries to /etc/hosts).
2021-02-18 19:50:20.634 INFO  com.barry.system.config.SystemApplication         :55   [32m        [0;39m Starting SystemApplication using Java 1.8.0_181 on tangxiaonideMacBook-Pro.local with PID 3443 (/Users/elsa/Documents/barry/system/target/classes started by elsa in /Users/elsa/Documents/barry)
2021-02-18 19:50:20.634 INFO  com.barry.system.config.SystemApplication         :660  [32m        [0;39m No active profile set, falling back to default profiles: default
2021-02-18 19:50:20.848 INFO  o.springframework.cloud.context.scope.GenericScope:288  [32m        [0;39m BeanFactory id=fe793ca9-2304-303c-b9b0-92588453af14
2021-02-18 19:50:20.893 INFO  o.s.boot.web.embedded.tomcat.TomcatWebServer      :108  [32m        [0;39m Tomcat initialized with port(s): 9001 (http)
2021-02-18 19:50:20.895 INFO  org.apache.coyote.http11.Http11NioProtocol        :173  [32m        [0;39m Initializing ProtocolHandler ["http-nio-9001"]
2021-02-18 19:50:20.895 INFO  org.apache.catalina.core.StandardService          :173  [32m        [0;39m Starting service [Tomcat]
2021-02-18 19:50:20.895 INFO  org.apache.catalina.core.StandardEngine           :173  [32m        [0;39m Starting Servlet engine: [Apache Tomcat/9.0.41]
2021-02-18 19:50:20.902 INFO  o.a.c.c.C.[Tomcat].[localhost].[/system]          :173  [32m        [0;39m Initializing Spring embedded WebApplicationContext
2021-02-18 19:50:20.902 INFO  o.s.b.w.s.c.ServletWebServerApplicationContext    :289  [32m        [0;39m Root WebApplicationContext: initialization completed in 265 ms
2021-02-18 19:50:20.991 INFO  o.s.scheduling.concurrent.ThreadPoolTaskExecutor  :181  [32m        [0;39m Initializing ExecutorService 'applicationTaskExecutor'
2021-02-18 19:50:21.038 INFO  o.s.b.d.autoconfigure.OptionalLiveReloadServer    :58   [32m        [0;39m LiveReload server is running on port 35729
2021-02-18 19:50:21.057 INFO  o.s.c.n.e.c.DiscoveryClientOptionalArgsConfiguration:68   [32m        [0;39m Eureka HTTP Client uses RestTemplate.
2021-02-18 19:50:21.084 WARN  o.s.c.l.c.LoadBalancerCacheAutoConfiguration$LoadBalancerCaffeineWarnLogger:82   [32m        [0;39m Spring Cloud LoadBalancer is currently working with the default cache. You can switch to using Caffeine cache, by adding it and org.springframework.cache.caffeine.CaffeineCacheManager to the classpath.
2021-02-18 19:50:21.092 INFO  o.s.cloud.netflix.eureka.InstanceInfoFactory      :67   [32m        [0;39m Setting initial instance status as: STARTING
2021-02-18 19:50:21.094 INFO  com.netflix.discovery.DiscoveryClient             :372  [32m        [0;39m Initializing Eureka in region us-east-1
2021-02-18 19:50:21.094 INFO  c.n.d.shared.resolver.aws.ConfigClusterResolver   :43   [32m        [0;39m Resolving eureka endpoints via configuration
2021-02-18 19:50:21.095 INFO  com.netflix.discovery.DiscoveryClient             :1007 [32m        [0;39m Disable delta property : false
2021-02-18 19:50:21.095 INFO  com.netflix.discovery.DiscoveryClient             :1008 [32m        [0;39m Single vip registry refresh property : null
2021-02-18 19:50:21.095 INFO  com.netflix.discovery.DiscoveryClient             :1009 [32m        [0;39m Force full registry fetch : false
2021-02-18 19:50:21.095 INFO  com.netflix.discovery.DiscoveryClient             :1010 [32m        [0;39m Application is null : false
2021-02-18 19:50:21.095 INFO  com.netflix.discovery.DiscoveryClient             :1011 [32m        [0;39m Registered Applications size is zero : true
2021-02-18 19:50:21.095 INFO  com.netflix.discovery.DiscoveryClient             :1013 [32m        [0;39m Application version is -1: true
2021-02-18 19:50:21.096 INFO  com.netflix.discovery.DiscoveryClient             :1097 [32m        [0;39m Getting all instance registry info from the eureka server
2021-02-18 19:50:21.110 INFO  com.netflix.discovery.DiscoveryClient             :1106 [32m        [0;39m The response status is 200
2021-02-18 19:50:21.110 INFO  com.netflix.discovery.DiscoveryClient             :1321 [32m        [0;39m Starting heartbeat executor: renew interval is: 30
2021-02-18 19:50:21.111 INFO  com.netflix.discovery.InstanceInfoReplicator      :60   [32m        [0;39m InstanceInfoReplicator onDemand update allowed rate per min is 4
2021-02-18 19:50:21.112 INFO  com.netflix.discovery.DiscoveryClient             :492  [32m        [0;39m Discovery Client initialized at timestamp 1613649021112 with initial instances count: 2
2021-02-18 19:50:21.114 INFO  o.s.c.n.e.serviceregistry.EurekaServiceRegistry   :41   [32m        [0;39m Registering application SYSTEM with eureka with status UP
2021-02-18 19:50:21.114 INFO  com.netflix.discovery.DiscoveryClient             :1352 [32m        [0;39m Saw local status change event StatusChangeEvent [timestamp=1613649021114, current=UP, previous=STARTING]
2021-02-18 19:50:21.115 INFO  com.netflix.discovery.DiscoveryClient             :873  [32m        [0;39m DiscoveryClient_SYSTEM/172.25.130.36:system:9001: registering service...
2021-02-18 19:50:21.116 INFO  org.apache.coyote.http11.Http11NioProtocol        :173  [32m        [0;39m Starting ProtocolHandler ["http-nio-9001"]
2021-02-18 19:50:21.118 INFO  o.s.boot.web.embedded.tomcat.TomcatWebServer      :220  [32m        [0;39m Tomcat started on port(s): 9001 (http) with context path '/system'
2021-02-18 19:50:21.118 INFO  o.s.c.n.e.s.EurekaAutoServiceRegistration         :144  [32m        [0;39m Updating port to 9001
2021-02-18 19:50:21.126 INFO  com.netflix.discovery.DiscoveryClient             :882  [32m        [0;39m DiscoveryClient_SYSTEM/172.25.130.36:system:9001 - registration status: 204
2021-02-18 19:50:21.127 INFO  com.barry.system.config.SystemApplication         :61   [32m        [0;39m Started SystemApplication in 20.554 seconds (JVM running for 2149.098)
2021-02-18 19:50:21.128 INFO  o.s.b.d.a.ConditionEvaluationDeltaLoggingListener :63   [32m        [0;39m Condition evaluation unchanged
2021-02-18 19:50:21.129 INFO  com.barry.system.config.SystemApplication         :22   [32m        [0;39m å¯åŠ¨æˆåŠŸï¼ï¼
2021-02-18 19:50:21.129 INFO  com.barry.system.config.SystemApplication         :23   [32m        [0;39m Eurekaåœ°å€: 	http://127.0.0.1:9001
2021-02-18 19:55:21.103 INFO  c.n.d.shared.resolver.aws.ConfigClusterResolver   :43   [32m        [0;39m Resolving eureka endpoints via configuration
