2021-02-18 19:03:44.470 INFO  org.hibernate.validator.internal.util.Version     :21   [32m        [0;39m HV000001: Hibernate Validator 6.1.7.Final
2021-02-18 19:03:49.506 WARN  org.springframework.boot.StartupInfoLogger        :117  [32m        [0;39m InetAddress.getLocalHost().getHostName() took 5005 milliseconds to respond. Please verify your network configuration (macOS machines may need to add entries to /etc/hosts).
2021-02-18 19:03:54.523 INFO  com.barry.geteway.GatewayApplication              :55   [32m        [0;39m Starting GatewayApplication using Java 1.8.0_181 on tangxiaonideMacBook-Pro.local with PID 3445 (/Users/elsa/Documents/barry/gateway/target/classes started by elsa in /Users/elsa/Documents/barry)
2021-02-18 19:03:54.524 INFO  com.barry.geteway.GatewayApplication              :660  [32m        [0;39m No active profile set, falling back to default profiles: default
2021-02-18 19:03:55.931 INFO  o.springframework.cloud.context.scope.GenericScope:288  [32m        [0;39m BeanFactory id=c29b2087-a88f-39bf-af92-773f851bff0a
2021-02-18 19:03:56.005 INFO  o.s.c.s.PostProcessorRegistrationDelegate$BeanPostProcessorChecker:350  [32m        [0;39m Bean 'org.springframework.cloud.client.loadbalancer.reactive.LoadBalancerBeanPostProcessorAutoConfiguration' of type [org.springframework.cloud.client.loadbalancer.reactive.LoadBalancerBeanPostProcessorAutoConfiguration] is not eligible for getting processed by all BeanPostProcessors (for example: not eligible for auto-proxying)
2021-02-18 19:03:56.007 INFO  o.s.c.s.PostProcessorRegistrationDelegate$BeanPostProcessorChecker:350  [32m        [0;39m Bean 'org.springframework.cloud.client.loadbalancer.reactive.LoadBalancerBeanPostProcessorAutoConfiguration$ReactorDeferringLoadBalancerFilterConfig' of type [org.springframework.cloud.client.loadbalancer.reactive.LoadBalancerBeanPostProcessorAutoConfiguration$ReactorDeferringLoadBalancerFilterConfig] is not eligible for getting processed by all BeanPostProcessors (for example: not eligible for auto-proxying)
2021-02-18 19:03:56.012 INFO  o.s.c.s.PostProcessorRegistrationDelegate$BeanPostProcessorChecker:350  [32m        [0;39m Bean 'reactorDeferringLoadBalancerExchangeFilterFunction' of type [org.springframework.cloud.client.loadbalancer.reactive.DeferringLoadBalancerExchangeFilterFunction] is not eligible for getting processed by all BeanPostProcessors (for example: not eligible for auto-proxying)
2021-02-18 19:03:57.070 INFO  o.s.c.gateway.route.RouteDefinitionRouteLocator   :88   [32m        [0;39m Loaded RoutePredicateFactory [After]
2021-02-18 19:03:57.071 INFO  o.s.c.gateway.route.RouteDefinitionRouteLocator   :88   [32m        [0;39m Loaded RoutePredicateFactory [Before]
2021-02-18 19:03:57.071 INFO  o.s.c.gateway.route.RouteDefinitionRouteLocator   :88   [32m        [0;39m Loaded RoutePredicateFactory [Between]
2021-02-18 19:03:57.072 INFO  o.s.c.gateway.route.RouteDefinitionRouteLocator   :88   [32m        [0;39m Loaded RoutePredicateFactory [Cookie]
2021-02-18 19:03:57.072 INFO  o.s.c.gateway.route.RouteDefinitionRouteLocator   :88   [32m        [0;39m Loaded RoutePredicateFactory [Header]
2021-02-18 19:03:57.072 INFO  o.s.c.gateway.route.RouteDefinitionRouteLocator   :88   [32m        [0;39m Loaded RoutePredicateFactory [Host]
2021-02-18 19:03:57.072 INFO  o.s.c.gateway.route.RouteDefinitionRouteLocator   :88   [32m        [0;39m Loaded RoutePredicateFactory [Method]
2021-02-18 19:03:57.073 INFO  o.s.c.gateway.route.RouteDefinitionRouteLocator   :88   [32m        [0;39m Loaded RoutePredicateFactory [Path]
2021-02-18 19:03:57.073 INFO  o.s.c.gateway.route.RouteDefinitionRouteLocator   :88   [32m        [0;39m Loaded RoutePredicateFactory [Query]
2021-02-18 19:03:57.073 INFO  o.s.c.gateway.route.RouteDefinitionRouteLocator   :88   [32m        [0;39m Loaded RoutePredicateFactory [ReadBody]
2021-02-18 19:03:57.073 INFO  o.s.c.gateway.route.RouteDefinitionRouteLocator   :88   [32m        [0;39m Loaded RoutePredicateFactory [RemoteAddr]
2021-02-18 19:03:57.074 INFO  o.s.c.gateway.route.RouteDefinitionRouteLocator   :88   [32m        [0;39m Loaded RoutePredicateFactory [Weight]
2021-02-18 19:03:57.075 INFO  o.s.c.gateway.route.RouteDefinitionRouteLocator   :88   [32m        [0;39m Loaded RoutePredicateFactory [CloudFoundryRouteService]
2021-02-18 19:03:57.562 INFO  o.s.c.n.e.c.DiscoveryClientOptionalArgsConfiguration:68   [32m        [0;39m Eureka HTTP Client uses RestTemplate.
2021-02-18 19:03:57.723 WARN  o.s.c.l.c.LoadBalancerCacheAutoConfiguration$LoadBalancerCaffeineWarnLogger:82   [32m        [0;39m Spring Cloud LoadBalancer is currently working with the default cache. You can switch to using Caffeine cache, by adding it and org.springframework.cache.caffeine.CaffeineCacheManager to the classpath.
2021-02-18 19:03:57.756 INFO  o.s.cloud.netflix.eureka.InstanceInfoFactory      :67   [32m        [0;39m Setting initial instance status as: STARTING
2021-02-18 19:03:57.806 INFO  com.netflix.discovery.DiscoveryClient             :372  [32m        [0;39m Initializing Eureka in region us-east-1
2021-02-18 19:03:57.811 INFO  c.n.d.shared.resolver.aws.ConfigClusterResolver   :43   [32m        [0;39m Resolving eureka endpoints via configuration
2021-02-18 19:03:57.844 INFO  com.netflix.discovery.DiscoveryClient             :1007 [32m        [0;39m Disable delta property : false
2021-02-18 19:03:57.845 INFO  com.netflix.discovery.DiscoveryClient             :1008 [32m        [0;39m Single vip registry refresh property : null
2021-02-18 19:03:57.847 INFO  com.netflix.discovery.DiscoveryClient             :1009 [32m        [0;39m Force full registry fetch : false
2021-02-18 19:03:57.847 INFO  com.netflix.discovery.DiscoveryClient             :1010 [32m        [0;39m Application is null : false
2021-02-18 19:03:57.847 INFO  com.netflix.discovery.DiscoveryClient             :1011 [32m        [0;39m Registered Applications size is zero : true
2021-02-18 19:03:57.848 INFO  com.netflix.discovery.DiscoveryClient             :1013 [32m        [0;39m Application version is -1: true
2021-02-18 19:03:57.848 INFO  com.netflix.discovery.DiscoveryClient             :1097 [32m        [0;39m Getting all instance registry info from the eureka server
2021-02-18 19:03:58.113 INFO  com.netflix.discovery.DiscoveryClient             :1106 [32m        [0;39m The response status is 200
2021-02-18 19:03:58.116 INFO  com.netflix.discovery.DiscoveryClient             :1321 [32m        [0;39m Starting heartbeat executor: renew interval is: 30
2021-02-18 19:03:58.120 INFO  com.netflix.discovery.InstanceInfoReplicator      :60   [32m        [0;39m InstanceInfoReplicator onDemand update allowed rate per min is 4
2021-02-18 19:03:58.126 INFO  com.netflix.discovery.DiscoveryClient             :492  [32m        [0;39m Discovery Client initialized at timestamp 1613646238125 with initial instances count: 0
2021-02-18 19:03:58.127 INFO  o.s.c.n.e.serviceregistry.EurekaServiceRegistry   :41   [32m        [0;39m Registering application GATEWAY with eureka with status UP
2021-02-18 19:03:58.128 INFO  com.netflix.discovery.DiscoveryClient             :1352 [32m        [0;39m Saw local status change event StatusChangeEvent [timestamp=1613646238128, current=UP, previous=STARTING]
2021-02-18 19:03:58.130 INFO  com.netflix.discovery.DiscoveryClient             :873  [32m        [0;39m DiscoveryClient_GATEWAY/172.25.130.36:gateway:9000: registering service...
2021-02-18 19:03:58.197 INFO  com.netflix.discovery.DiscoveryClient             :882  [32m        [0;39m DiscoveryClient_GATEWAY/172.25.130.36:gateway:9000 - registration status: 204
2021-02-18 19:04:03.365 INFO  o.s.boot.web.embedded.netty.NettyWebServer        :111  [32m        [0;39m Netty started on port 9000
2021-02-18 19:04:03.367 INFO  o.s.c.n.e.s.EurekaAutoServiceRegistration         :144  [32m        [0;39m Updating port to 9000
2021-02-18 19:04:03.396 INFO  com.barry.geteway.GatewayApplication              :61   [32m        [0;39m Started GatewayApplication in 29.42 seconds (JVM running for 35.301)
2021-02-18 19:04:03.399 INFO  com.barry.geteway.GatewayApplication              :18   [32m        [0;39m 启动成功！！
2021-02-18 19:04:03.400 INFO  com.barry.geteway.GatewayApplication              :19   [32m        [0;39m Eureka地址: 	http://127.0.0.1:9000
2021-02-18 19:04:28.119 INFO  com.netflix.discovery.DiscoveryClient             :1007 [32m        [0;39m Disable delta property : false
2021-02-18 19:04:28.120 INFO  com.netflix.discovery.DiscoveryClient             :1008 [32m        [0;39m Single vip registry refresh property : null
2021-02-18 19:04:28.120 INFO  com.netflix.discovery.DiscoveryClient             :1009 [32m        [0;39m Force full registry fetch : false
2021-02-18 19:04:28.120 INFO  com.netflix.discovery.DiscoveryClient             :1010 [32m        [0;39m Application is null : false
2021-02-18 19:04:28.121 INFO  com.netflix.discovery.DiscoveryClient             :1011 [32m        [0;39m Registered Applications size is zero : true
2021-02-18 19:04:28.121 INFO  com.netflix.discovery.DiscoveryClient             :1013 [32m        [0;39m Application version is -1: false
2021-02-18 19:04:28.121 INFO  com.netflix.discovery.DiscoveryClient             :1097 [32m        [0;39m Getting all instance registry info from the eureka server
2021-02-18 19:04:28.137 INFO  com.netflix.discovery.DiscoveryClient             :1106 [32m        [0;39m The response status is 200
2021-02-18 19:08:57.862 INFO  c.n.d.shared.resolver.aws.ConfigClusterResolver   :43   [32m        [0;39m Resolving eureka endpoints via configuration
2021-02-18 19:13:57.871 INFO  c.n.d.shared.resolver.aws.ConfigClusterResolver   :43   [32m        [0;39m Resolving eureka endpoints via configuration
2021-02-18 19:30:03.872 INFO  c.n.d.shared.resolver.aws.ConfigClusterResolver   :43   [32m        [0;39m Resolving eureka endpoints via configuration
2021-02-18 19:35:03.883 INFO  c.n.d.shared.resolver.aws.ConfigClusterResolver   :43   [32m        [0;39m Resolving eureka endpoints via configuration
2021-02-18 19:40:03.892 INFO  c.n.d.shared.resolver.aws.ConfigClusterResolver   :43   [32m        [0;39m Resolving eureka endpoints via configuration
2021-02-18 19:45:03.909 INFO  c.n.d.shared.resolver.aws.ConfigClusterResolver   :43   [32m        [0;39m Resolving eureka endpoints via configuration
2021-02-18 19:50:03.922 INFO  c.n.d.shared.resolver.aws.ConfigClusterResolver   :43   [32m        [0;39m Resolving eureka endpoints via configuration
2021-02-18 19:55:03.935 INFO  c.n.d.shared.resolver.aws.ConfigClusterResolver   :43   [32m        [0;39m Resolving eureka endpoints via configuration
